-----------------------------------------------------------
Server listening on 5201
-----------------------------------------------------------
Accepted connection from 192.168.10.1, port 38400
[  5] local 192.168.10.2 port 5201 connected to 192.168.10.1 port 38406
[ ID] Interval           Transfer     Bitrate
[  5]   0.00-1.00   sec   107 MBytes   901 Mbits/sec                  
[  5]   1.00-2.00   sec   112 MBytes   941 Mbits/sec                  
[  5]   2.00-3.00   sec   112 MBytes   941 Mbits/sec                  
[  5]   3.00-4.00   sec   112 MBytes   941 Mbits/sec                  
[  5]   4.00-5.00   sec   112 MBytes   941 Mbits/sec                  
[  5]   5.00-6.00   sec   112 MBytes   941 Mbits/sec                  
[  5]   6.00-7.00   sec   112 MBytes   941 Mbits/sec                  
[  5]   7.00-8.00   sec   112 MBytes   941 Mbits/sec                  
[  5]   8.00-9.00   sec   112 MBytes   941 Mbits/sec                  
[  5]   9.00-10.00  sec   112 MBytes   941 Mbits/sec                  
[  5]  10.00-10.04  sec  4.93 MBytes   941 Mbits/sec                  
- - - - - - - - - - - - - - - - - - - - - - - - -
[ ID] Interval           Transfer     Bitrate
[  5]   0.00-10.04  sec  1.10 GBytes   937 Mbits/sec                  receiver
-----------------------------------------------------------
Server listening on 5201
-----------------------------------------------------------
